INFO - 2024-02-12 16:12:31 --> Session: Class initialized using 'CodeIgniter\Session\Handlers\FileHandler' driver.
INFO - 2024-02-12 16:12:31 --> Session: Class initialized using 'CodeIgniter\Session\Handlers\FileHandler' driver.
WARNING - 2024-02-12 16:12:32 --> [DEPRECATED] Creation of dynamic property App\Controllers\Auth::$ModelAuth is deprecated in APPPATH\Controllers\auth.php on line 10.
 1 SYSTEMPATH\CodeIgniter.php(914): App\Controllers\Auth->__construct()
 2 SYSTEMPATH\CodeIgniter.php(493): CodeIgniter\CodeIgniter->createController()
 3 SYSTEMPATH\CodeIgniter.php(361): CodeIgniter\CodeIgniter->handleRequest(null, Object(Config\Cache), false)
 4 FCPATH\index.php(79): CodeIgniter\CodeIgniter->run()
INFO - 2024-02-12 16:12:32 --> Session: Class initialized using 'CodeIgniter\Session\Handlers\FileHandler' driver.
WARNING - 2024-02-12 16:12:36 --> [DEPRECATED] Creation of dynamic property App\Controllers\Auth::$ModelAuth is deprecated in APPPATH\Controllers\auth.php on line 10.
 1 SYSTEMPATH\CodeIgniter.php(914): App\Controllers\Auth->__construct()
 2 SYSTEMPATH\CodeIgniter.php(493): CodeIgniter\CodeIgniter->createController()
 3 SYSTEMPATH\CodeIgniter.php(361): CodeIgniter\CodeIgniter->handleRequest(null, Object(Config\Cache), false)
 4 FCPATH\index.php(79): CodeIgniter\CodeIgniter->run()
INFO - 2024-02-12 16:12:36 --> Session: Class initialized using 'CodeIgniter\Session\Handlers\FileHandler' driver.
INFO - 2024-02-12 16:12:36 --> Session: Class initialized using 'CodeIgniter\Session\Handlers\FileHandler' driver.
WARNING - 2024-02-12 16:12:36 --> [DEPRECATED] Creation of dynamic property App\Controllers\Auth::$ModelAuth is deprecated in APPPATH\Controllers\auth.php on line 10.
 1 SYSTEMPATH\CodeIgniter.php(914): App\Controllers\Auth->__construct()
 2 SYSTEMPATH\CodeIgniter.php(493): CodeIgniter\CodeIgniter->createController()
 3 SYSTEMPATH\CodeIgniter.php(361): CodeIgniter\CodeIgniter->handleRequest(null, Object(Config\Cache), false)
 4 FCPATH\index.php(79): CodeIgniter\CodeIgniter->run()
INFO - 2024-02-12 16:12:36 --> Session: Class initialized using 'CodeIgniter\Session\Handlers\FileHandler' driver.
WARNING - 2024-02-12 16:12:44 --> [DEPRECATED] Creation of dynamic property App\Controllers\Auth::$ModelAuth is deprecated in APPPATH\Controllers\auth.php on line 10.
 1 SYSTEMPATH\CodeIgniter.php(914): App\Controllers\Auth->__construct()
 2 SYSTEMPATH\CodeIgniter.php(493): CodeIgniter\CodeIgniter->createController()
 3 SYSTEMPATH\CodeIgniter.php(361): CodeIgniter\CodeIgniter->handleRequest(null, Object(Config\Cache), false)
 4 FCPATH\index.php(79): CodeIgniter\CodeIgniter->run()
INFO - 2024-02-12 16:12:44 --> Session: Class initialized using 'CodeIgniter\Session\Handlers\FileHandler' driver.
INFO - 2024-02-12 16:12:44 --> Session: Class initialized using 'CodeIgniter\Session\Handlers\FileHandler' driver.
WARNING - 2024-02-12 16:12:44 --> [DEPRECATED] Creation of dynamic property App\Controllers\Dsn::$ModelDsn is deprecated in APPPATH\Controllers\Dsn.php on line 10.
 1 SYSTEMPATH\CodeIgniter.php(914): App\Controllers\Dsn->__construct()
 2 SYSTEMPATH\CodeIgniter.php(493): CodeIgniter\CodeIgniter->createController()
 3 SYSTEMPATH\CodeIgniter.php(361): CodeIgniter\CodeIgniter->handleRequest(null, Object(Config\Cache), false)
 4 FCPATH\index.php(79): CodeIgniter\CodeIgniter->run()
INFO - 2024-02-12 16:12:45 --> Session: Class initialized using 'CodeIgniter\Session\Handlers\FileHandler' driver.
INFO - 2024-02-12 16:16:13 --> Session: Class initialized using 'CodeIgniter\Session\Handlers\FileHandler' driver.
WARNING - 2024-02-12 16:16:13 --> [DEPRECATED] Creation of dynamic property App\Controllers\Dsn::$ModelDsn is deprecated in APPPATH\Controllers\Dsn.php on line 10.
 1 SYSTEMPATH\CodeIgniter.php(914): App\Controllers\Dsn->__construct()
 2 SYSTEMPATH\CodeIgniter.php(493): CodeIgniter\CodeIgniter->createController()
 3 SYSTEMPATH\CodeIgniter.php(361): CodeIgniter\CodeIgniter->handleRequest(null, Object(Config\Cache), false)
 4 FCPATH\index.php(79): CodeIgniter\CodeIgniter->run()
INFO - 2024-02-12 16:16:14 --> Session: Class initialized using 'CodeIgniter\Session\Handlers\FileHandler' driver.
INFO - 2024-02-12 16:23:50 --> Session: Class initialized using 'CodeIgniter\Session\Handlers\FileHandler' driver.
WARNING - 2024-02-12 16:23:50 --> [DEPRECATED] Creation of dynamic property App\Controllers\Dsn::$ModelDsn is deprecated in APPPATH\Controllers\Dsn.php on line 11.
 1 SYSTEMPATH\CodeIgniter.php(914): App\Controllers\Dsn->__construct()
 2 SYSTEMPATH\CodeIgniter.php(493): CodeIgniter\CodeIgniter->createController()
 3 SYSTEMPATH\CodeIgniter.php(361): CodeIgniter\CodeIgniter->handleRequest(null, Object(Config\Cache), false)
 4 FCPATH\index.php(79): CodeIgniter\CodeIgniter->run()
WARNING - 2024-02-12 16:23:50 --> [DEPRECATED] Creation of dynamic property App\Controllers\Dsn::$Modelta is deprecated in APPPATH\Controllers\Dsn.php on line 12.
 1 SYSTEMPATH\CodeIgniter.php(914): App\Controllers\Dsn->__construct()
 2 SYSTEMPATH\CodeIgniter.php(493): CodeIgniter\CodeIgniter->createController()
 3 SYSTEMPATH\CodeIgniter.php(361): CodeIgniter\CodeIgniter->handleRequest(null, Object(Config\Cache), false)
 4 FCPATH\index.php(79): CodeIgniter\CodeIgniter->run()
INFO - 2024-02-12 16:23:50 --> Session: Class initialized using 'CodeIgniter\Session\Handlers\FileHandler' driver.
INFO - 2024-02-12 16:25:08 --> Session: Class initialized using 'CodeIgniter\Session\Handlers\FileHandler' driver.
WARNING - 2024-02-12 16:25:08 --> [DEPRECATED] Creation of dynamic property App\Controllers\Dsn::$ModelDsn is deprecated in APPPATH\Controllers\Dsn.php on line 11.
 1 SYSTEMPATH\CodeIgniter.php(914): App\Controllers\Dsn->__construct()
 2 SYSTEMPATH\CodeIgniter.php(493): CodeIgniter\CodeIgniter->createController()
 3 SYSTEMPATH\CodeIgniter.php(361): CodeIgniter\CodeIgniter->handleRequest(null, Object(Config\Cache), false)
 4 FCPATH\index.php(79): CodeIgniter\CodeIgniter->run()
WARNING - 2024-02-12 16:25:08 --> [DEPRECATED] Creation of dynamic property App\Controllers\Dsn::$Modelta is deprecated in APPPATH\Controllers\Dsn.php on line 12.
 1 SYSTEMPATH\CodeIgniter.php(914): App\Controllers\Dsn->__construct()
 2 SYSTEMPATH\CodeIgniter.php(493): CodeIgniter\CodeIgniter->createController()
 3 SYSTEMPATH\CodeIgniter.php(361): CodeIgniter\CodeIgniter->handleRequest(null, Object(Config\Cache), false)
 4 FCPATH\index.php(79): CodeIgniter\CodeIgniter->run()
INFO - 2024-02-12 16:25:08 --> Session: Class initialized using 'CodeIgniter\Session\Handlers\FileHandler' driver.
INFO - 2024-02-12 16:28:50 --> Session: Class initialized using 'CodeIgniter\Session\Handlers\FileHandler' driver.
WARNING - 2024-02-12 16:28:50 --> [DEPRECATED] Creation of dynamic property App\Controllers\Dsn::$ModelDsn is deprecated in APPPATH\Controllers\Dsn.php on line 11.
 1 SYSTEMPATH\CodeIgniter.php(914): App\Controllers\Dsn->__construct()
 2 SYSTEMPATH\CodeIgniter.php(493): CodeIgniter\CodeIgniter->createController()
 3 SYSTEMPATH\CodeIgniter.php(361): CodeIgniter\CodeIgniter->handleRequest(null, Object(Config\Cache), false)
 4 FCPATH\index.php(79): CodeIgniter\CodeIgniter->run()
WARNING - 2024-02-12 16:28:50 --> [DEPRECATED] Creation of dynamic property App\Controllers\Dsn::$Modelta is deprecated in APPPATH\Controllers\Dsn.php on line 12.
 1 SYSTEMPATH\CodeIgniter.php(914): App\Controllers\Dsn->__construct()
 2 SYSTEMPATH\CodeIgniter.php(493): CodeIgniter\CodeIgniter->createController()
 3 SYSTEMPATH\CodeIgniter.php(361): CodeIgniter\CodeIgniter->handleRequest(null, Object(Config\Cache), false)
 4 FCPATH\index.php(79): CodeIgniter\CodeIgniter->run()
ERROR - 2024-02-12 16:28:50 --> mysqli_sql_exception: Unknown column 'id_jadwal.id_ta' in 'where clause' in C:\xampp\htdocs\project_uas\siakad_kampus\system\Database\MySQLi\Connection.php:306
Stack trace:
#0 C:\xampp\htdocs\project_uas\siakad_kampus\system\Database\MySQLi\Connection.php(306): mysqli->query('SELECT *\nFROM `...', 0)
#1 C:\xampp\htdocs\project_uas\siakad_kampus\system\Database\BaseConnection.php(693): CodeIgniter\Database\MySQLi\Connection->execute('SELECT *\nFROM `...')
#2 C:\xampp\htdocs\project_uas\siakad_kampus\system\Database\BaseConnection.php(607): CodeIgniter\Database\BaseConnection->simpleQuery('SELECT *\nFROM `...')
#3 C:\xampp\htdocs\project_uas\siakad_kampus\system\Database\BaseBuilder.php(1615): CodeIgniter\Database\BaseConnection->query('SELECT *\nFROM `...', Array, false)
#4 C:\xampp\htdocs\project_uas\siakad_kampus\app\Models\ModelDsn.php(25): CodeIgniter\Database\BaseBuilder->get()
#5 C:\xampp\htdocs\project_uas\siakad_kampus\app\Controllers\Dsn.php(31): App\Models\ModelDsn->JadwalDosen('1', '1')
#6 C:\xampp\htdocs\project_uas\siakad_kampus\system\CodeIgniter.php(942): App\Controllers\Dsn->jadwal()
#7 C:\xampp\htdocs\project_uas\siakad_kampus\system\CodeIgniter.php(502): CodeIgniter\CodeIgniter->runController(Object(App\Controllers\Dsn))
#8 C:\xampp\htdocs\project_uas\siakad_kampus\system\CodeIgniter.php(361): CodeIgniter\CodeIgniter->handleRequest(NULL, Object(Config\Cache), false)
#9 C:\xampp\htdocs\project_uas\siakad_kampus\public\index.php(79): CodeIgniter\CodeIgniter->run()
#10 {main}
CRITICAL - 2024-02-12 16:28:50 --> Unknown column 'id_jadwal.id_ta' in 'where clause'
in SYSTEMPATH\Database\BaseConnection.php on line 647.
 1 SYSTEMPATH\Database\BaseBuilder.php(1615): CodeIgniter\Database\BaseConnection->query('SELECT *
FROM `tbl_jadwal`
LEFT JOIN `tbl_matkul` ON `tbl_matkul`.`id_matkul` = `tbl_jadwal`.`id_matkul`
LEFT JOIN `tbl_prodi` ON `tbl_prodi`.`id_prodi` = `tbl_jadwal`.`id_prodi`
LEFT JOIN `tbl_dosen` ON `tbl_dosen`.`id_dosen` = `tbl_jadwal`.`id_dosen`
LEFT JOIN `tbl_ruangan` ON `tbl_ruangan`.`id_ruangan` = `tbl_jadwal`.`id_ruangan`
LEFT JOIN `tbl_kelas` ON `tbl_kelas`.`id_kelas` = `tbl_jadwal`.`id_kelas`
WHERE `tbl_jadwal`.`id_dosen` = :tbl_jadwal.id_dosen:
AND `id_jadwal`.`id_ta` = :id_jadwal.id_ta:', [...], false)
 2 APPPATH\Models\ModelDsn.php(25): CodeIgniter\Database\BaseBuilder->get()
 3 APPPATH\Controllers\Dsn.php(31): App\Models\ModelDsn->JadwalDosen('1', '1')
 4 SYSTEMPATH\CodeIgniter.php(942): App\Controllers\Dsn->jadwal()
 5 SYSTEMPATH\CodeIgniter.php(502): CodeIgniter\CodeIgniter->runController(Object(App\Controllers\Dsn))
 6 SYSTEMPATH\CodeIgniter.php(361): CodeIgniter\CodeIgniter->handleRequest(null, Object(Config\Cache), false)
 7 FCPATH\index.php(79): CodeIgniter\CodeIgniter->run()
INFO - 2024-02-12 16:29:21 --> Session: Class initialized using 'CodeIgniter\Session\Handlers\FileHandler' driver.
WARNING - 2024-02-12 16:29:21 --> [DEPRECATED] Creation of dynamic property App\Controllers\Dsn::$ModelDsn is deprecated in APPPATH\Controllers\Dsn.php on line 11.
 1 SYSTEMPATH\CodeIgniter.php(914): App\Controllers\Dsn->__construct()
 2 SYSTEMPATH\CodeIgniter.php(493): CodeIgniter\CodeIgniter->createController()
 3 SYSTEMPATH\CodeIgniter.php(361): CodeIgniter\CodeIgniter->handleRequest(null, Object(Config\Cache), false)
 4 FCPATH\index.php(79): CodeIgniter\CodeIgniter->run()
WARNING - 2024-02-12 16:29:21 --> [DEPRECATED] Creation of dynamic property App\Controllers\Dsn::$Modelta is deprecated in APPPATH\Controllers\Dsn.php on line 12.
 1 SYSTEMPATH\CodeIgniter.php(914): App\Controllers\Dsn->__construct()
 2 SYSTEMPATH\CodeIgniter.php(493): CodeIgniter\CodeIgniter->createController()
 3 SYSTEMPATH\CodeIgniter.php(361): CodeIgniter\CodeIgniter->handleRequest(null, Object(Config\Cache), false)
 4 FCPATH\index.php(79): CodeIgniter\CodeIgniter->run()
INFO - 2024-02-12 16:29:22 --> Session: Class initialized using 'CodeIgniter\Session\Handlers\FileHandler' driver.
INFO - 2024-02-12 16:29:26 --> Session: Class initialized using 'CodeIgniter\Session\Handlers\FileHandler' driver.
WARNING - 2024-02-12 16:29:26 --> [DEPRECATED] Creation of dynamic property App\Controllers\Dsn::$ModelDsn is deprecated in APPPATH\Controllers\Dsn.php on line 11.
 1 SYSTEMPATH\CodeIgniter.php(914): App\Controllers\Dsn->__construct()
 2 SYSTEMPATH\CodeIgniter.php(493): CodeIgniter\CodeIgniter->createController()
 3 SYSTEMPATH\CodeIgniter.php(361): CodeIgniter\CodeIgniter->handleRequest(null, Object(Config\Cache), false)
 4 FCPATH\index.php(79): CodeIgniter\CodeIgniter->run()
WARNING - 2024-02-12 16:29:26 --> [DEPRECATED] Creation of dynamic property App\Controllers\Dsn::$Modelta is deprecated in APPPATH\Controllers\Dsn.php on line 12.
 1 SYSTEMPATH\CodeIgniter.php(914): App\Controllers\Dsn->__construct()
 2 SYSTEMPATH\CodeIgniter.php(493): CodeIgniter\CodeIgniter->createController()
 3 SYSTEMPATH\CodeIgniter.php(361): CodeIgniter\CodeIgniter->handleRequest(null, Object(Config\Cache), false)
 4 FCPATH\index.php(79): CodeIgniter\CodeIgniter->run()
INFO - 2024-02-12 16:29:26 --> Session: Class initialized using 'CodeIgniter\Session\Handlers\FileHandler' driver.
INFO - 2024-02-12 16:32:15 --> Session: Class initialized using 'CodeIgniter\Session\Handlers\FileHandler' driver.
WARNING - 2024-02-12 16:32:15 --> [DEPRECATED] Creation of dynamic property App\Controllers\Dsn::$ModelDsn is deprecated in APPPATH\Controllers\Dsn.php on line 11.
 1 SYSTEMPATH\CodeIgniter.php(914): App\Controllers\Dsn->__construct()
 2 SYSTEMPATH\CodeIgniter.php(493): CodeIgniter\CodeIgniter->createController()
 3 SYSTEMPATH\CodeIgniter.php(361): CodeIgniter\CodeIgniter->handleRequest(null, Object(Config\Cache), false)
 4 FCPATH\index.php(79): CodeIgniter\CodeIgniter->run()
WARNING - 2024-02-12 16:32:15 --> [DEPRECATED] Creation of dynamic property App\Controllers\Dsn::$Modelta is deprecated in APPPATH\Controllers\Dsn.php on line 12.
 1 SYSTEMPATH\CodeIgniter.php(914): App\Controllers\Dsn->__construct()
 2 SYSTEMPATH\CodeIgniter.php(493): CodeIgniter\CodeIgniter->createController()
 3 SYSTEMPATH\CodeIgniter.php(361): CodeIgniter\CodeIgniter->handleRequest(null, Object(Config\Cache), false)
 4 FCPATH\index.php(79): CodeIgniter\CodeIgniter->run()
INFO - 2024-02-12 16:32:16 --> Session: Class initialized using 'CodeIgniter\Session\Handlers\FileHandler' driver.
INFO - 2024-02-12 16:32:19 --> Session: Class initialized using 'CodeIgniter\Session\Handlers\FileHandler' driver.
WARNING - 2024-02-12 16:32:19 --> [DEPRECATED] Creation of dynamic property App\Controllers\Dsn::$ModelDsn is deprecated in APPPATH\Controllers\Dsn.php on line 11.
 1 SYSTEMPATH\CodeIgniter.php(914): App\Controllers\Dsn->__construct()
 2 SYSTEMPATH\CodeIgniter.php(493): CodeIgniter\CodeIgniter->createController()
 3 SYSTEMPATH\CodeIgniter.php(361): CodeIgniter\CodeIgniter->handleRequest(null, Object(Config\Cache), false)
 4 FCPATH\index.php(79): CodeIgniter\CodeIgniter->run()
WARNING - 2024-02-12 16:32:19 --> [DEPRECATED] Creation of dynamic property App\Controllers\Dsn::$Modelta is deprecated in APPPATH\Controllers\Dsn.php on line 12.
 1 SYSTEMPATH\CodeIgniter.php(914): App\Controllers\Dsn->__construct()
 2 SYSTEMPATH\CodeIgniter.php(493): CodeIgniter\CodeIgniter->createController()
 3 SYSTEMPATH\CodeIgniter.php(361): CodeIgniter\CodeIgniter->handleRequest(null, Object(Config\Cache), false)
 4 FCPATH\index.php(79): CodeIgniter\CodeIgniter->run()
INFO - 2024-02-12 16:32:19 --> Session: Class initialized using 'CodeIgniter\Session\Handlers\FileHandler' driver.
INFO - 2024-02-12 16:39:47 --> Session: Class initialized using 'CodeIgniter\Session\Handlers\FileHandler' driver.
WARNING - 2024-02-12 16:39:47 --> [DEPRECATED] Creation of dynamic property App\Controllers\Dsn::$ModelDsn is deprecated in APPPATH\Controllers\Dsn.php on line 11.
 1 SYSTEMPATH\CodeIgniter.php(914): App\Controllers\Dsn->__construct()
 2 SYSTEMPATH\CodeIgniter.php(493): CodeIgniter\CodeIgniter->createController()
 3 SYSTEMPATH\CodeIgniter.php(361): CodeIgniter\CodeIgniter->handleRequest(null, Object(Config\Cache), false)
 4 FCPATH\index.php(79): CodeIgniter\CodeIgniter->run()
WARNING - 2024-02-12 16:39:47 --> [DEPRECATED] Creation of dynamic property App\Controllers\Dsn::$Modelta is deprecated in APPPATH\Controllers\Dsn.php on line 12.
 1 SYSTEMPATH\CodeIgniter.php(914): App\Controllers\Dsn->__construct()
 2 SYSTEMPATH\CodeIgniter.php(493): CodeIgniter\CodeIgniter->createController()
 3 SYSTEMPATH\CodeIgniter.php(361): CodeIgniter\CodeIgniter->handleRequest(null, Object(Config\Cache), false)
 4 FCPATH\index.php(79): CodeIgniter\CodeIgniter->run()
INFO - 2024-02-12 16:39:47 --> Session: Class initialized using 'CodeIgniter\Session\Handlers\FileHandler' driver.
INFO - 2024-02-12 16:40:15 --> Session: Class initialized using 'CodeIgniter\Session\Handlers\FileHandler' driver.
WARNING - 2024-02-12 16:40:15 --> [DEPRECATED] Creation of dynamic property App\Controllers\Dsn::$ModelDsn is deprecated in APPPATH\Controllers\Dsn.php on line 11.
 1 SYSTEMPATH\CodeIgniter.php(914): App\Controllers\Dsn->__construct()
 2 SYSTEMPATH\CodeIgniter.php(493): CodeIgniter\CodeIgniter->createController()
 3 SYSTEMPATH\CodeIgniter.php(361): CodeIgniter\CodeIgniter->handleRequest(null, Object(Config\Cache), false)
 4 FCPATH\index.php(79): CodeIgniter\CodeIgniter->run()
WARNING - 2024-02-12 16:40:15 --> [DEPRECATED] Creation of dynamic property App\Controllers\Dsn::$Modelta is deprecated in APPPATH\Controllers\Dsn.php on line 12.
 1 SYSTEMPATH\CodeIgniter.php(914): App\Controllers\Dsn->__construct()
 2 SYSTEMPATH\CodeIgniter.php(493): CodeIgniter\CodeIgniter->createController()
 3 SYSTEMPATH\CodeIgniter.php(361): CodeIgniter\CodeIgniter->handleRequest(null, Object(Config\Cache), false)
 4 FCPATH\index.php(79): CodeIgniter\CodeIgniter->run()
INFO - 2024-02-12 16:40:15 --> Session: Class initialized using 'CodeIgniter\Session\Handlers\FileHandler' driver.
CRITICAL - 2024-02-12 16:43:31 --> syntax error, unexpected token ";", expecting "]"
in APPPATH\Controllers\Dsn.php on line 56.
 1 SYSTEMPATH\Router\Router.php(514): CodeIgniter\Router\AutoRouter->getRoute('dsn/absensi/1', 'get')
 2 SYSTEMPATH\Router\Router.php(210): CodeIgniter\Router\Router->autoRoute('dsn/absensi/1')
 3 SYSTEMPATH\CodeIgniter.php(823): CodeIgniter\Router\Router->handle('dsn/absensi/1')
 4 SYSTEMPATH\CodeIgniter.php(450): CodeIgniter\CodeIgniter->tryToRouteIt(Object(CodeIgniter\Router\RouteCollection))
 5 SYSTEMPATH\CodeIgniter.php(361): CodeIgniter\CodeIgniter->handleRequest(null, Object(Config\Cache), false)
 6 FCPATH\index.php(79): CodeIgniter\CodeIgniter->run()
INFO - 2024-02-12 16:44:19 --> Session: Class initialized using 'CodeIgniter\Session\Handlers\FileHandler' driver.
WARNING - 2024-02-12 16:44:19 --> [DEPRECATED] Creation of dynamic property App\Controllers\Dsn::$ModelDsn is deprecated in APPPATH\Controllers\Dsn.php on line 11.
 1 SYSTEMPATH\CodeIgniter.php(914): App\Controllers\Dsn->__construct()
 2 SYSTEMPATH\CodeIgniter.php(493): CodeIgniter\CodeIgniter->createController()
 3 SYSTEMPATH\CodeIgniter.php(361): CodeIgniter\CodeIgniter->handleRequest(null, Object(Config\Cache), false)
 4 FCPATH\index.php(79): CodeIgniter\CodeIgniter->run()
WARNING - 2024-02-12 16:44:19 --> [DEPRECATED] Creation of dynamic property App\Controllers\Dsn::$Modelta is deprecated in APPPATH\Controllers\Dsn.php on line 12.
 1 SYSTEMPATH\CodeIgniter.php(914): App\Controllers\Dsn->__construct()
 2 SYSTEMPATH\CodeIgniter.php(493): CodeIgniter\CodeIgniter->createController()
 3 SYSTEMPATH\CodeIgniter.php(361): CodeIgniter\CodeIgniter->handleRequest(null, Object(Config\Cache), false)
 4 FCPATH\index.php(79): CodeIgniter\CodeIgniter->run()
INFO - 2024-02-12 16:44:20 --> Session: Class initialized using 'CodeIgniter\Session\Handlers\FileHandler' driver.
INFO - 2024-02-12 16:45:55 --> Session: Class initialized using 'CodeIgniter\Session\Handlers\FileHandler' driver.
WARNING - 2024-02-12 16:45:55 --> [DEPRECATED] Creation of dynamic property App\Controllers\Dsn::$ModelDsn is deprecated in APPPATH\Controllers\Dsn.php on line 11.
 1 SYSTEMPATH\CodeIgniter.php(914): App\Controllers\Dsn->__construct()
 2 SYSTEMPATH\CodeIgniter.php(493): CodeIgniter\CodeIgniter->createController()
 3 SYSTEMPATH\CodeIgniter.php(361): CodeIgniter\CodeIgniter->handleRequest(null, Object(Config\Cache), false)
 4 FCPATH\index.php(79): CodeIgniter\CodeIgniter->run()
WARNING - 2024-02-12 16:45:55 --> [DEPRECATED] Creation of dynamic property App\Controllers\Dsn::$Modelta is deprecated in APPPATH\Controllers\Dsn.php on line 12.
 1 SYSTEMPATH\CodeIgniter.php(914): App\Controllers\Dsn->__construct()
 2 SYSTEMPATH\CodeIgniter.php(493): CodeIgniter\CodeIgniter->createController()
 3 SYSTEMPATH\CodeIgniter.php(361): CodeIgniter\CodeIgniter->handleRequest(null, Object(Config\Cache), false)
 4 FCPATH\index.php(79): CodeIgniter\CodeIgniter->run()
INFO - 2024-02-12 16:45:56 --> Session: Class initialized using 'CodeIgniter\Session\Handlers\FileHandler' driver.
INFO - 2024-02-12 16:47:44 --> Session: Class initialized using 'CodeIgniter\Session\Handlers\FileHandler' driver.
WARNING - 2024-02-12 16:47:44 --> [DEPRECATED] Creation of dynamic property App\Controllers\Dsn::$ModelDsn is deprecated in APPPATH\Controllers\Dsn.php on line 11.
 1 SYSTEMPATH\CodeIgniter.php(914): App\Controllers\Dsn->__construct()
 2 SYSTEMPATH\CodeIgniter.php(493): CodeIgniter\CodeIgniter->createController()
 3 SYSTEMPATH\CodeIgniter.php(361): CodeIgniter\CodeIgniter->handleRequest(null, Object(Config\Cache), false)
 4 FCPATH\index.php(79): CodeIgniter\CodeIgniter->run()
WARNING - 2024-02-12 16:47:44 --> [DEPRECATED] Creation of dynamic property App\Controllers\Dsn::$Modelta is deprecated in APPPATH\Controllers\Dsn.php on line 12.
 1 SYSTEMPATH\CodeIgniter.php(914): App\Controllers\Dsn->__construct()
 2 SYSTEMPATH\CodeIgniter.php(493): CodeIgniter\CodeIgniter->createController()
 3 SYSTEMPATH\CodeIgniter.php(361): CodeIgniter\CodeIgniter->handleRequest(null, Object(Config\Cache), false)
 4 FCPATH\index.php(79): CodeIgniter\CodeIgniter->run()
INFO - 2024-02-12 16:47:45 --> Session: Class initialized using 'CodeIgniter\Session\Handlers\FileHandler' driver.
INFO - 2024-02-12 16:47:48 --> Session: Class initialized using 'CodeIgniter\Session\Handlers\FileHandler' driver.
WARNING - 2024-02-12 16:47:48 --> [DEPRECATED] Creation of dynamic property App\Controllers\Dsn::$ModelDsn is deprecated in APPPATH\Controllers\Dsn.php on line 11.
 1 SYSTEMPATH\CodeIgniter.php(914): App\Controllers\Dsn->__construct()
 2 SYSTEMPATH\CodeIgniter.php(493): CodeIgniter\CodeIgniter->createController()
 3 SYSTEMPATH\CodeIgniter.php(361): CodeIgniter\CodeIgniter->handleRequest(null, Object(Config\Cache), false)
 4 FCPATH\index.php(79): CodeIgniter\CodeIgniter->run()
WARNING - 2024-02-12 16:47:48 --> [DEPRECATED] Creation of dynamic property App\Controllers\Dsn::$Modelta is deprecated in APPPATH\Controllers\Dsn.php on line 12.
 1 SYSTEMPATH\CodeIgniter.php(914): App\Controllers\Dsn->__construct()
 2 SYSTEMPATH\CodeIgniter.php(493): CodeIgniter\CodeIgniter->createController()
 3 SYSTEMPATH\CodeIgniter.php(361): CodeIgniter\CodeIgniter->handleRequest(null, Object(Config\Cache), false)
 4 FCPATH\index.php(79): CodeIgniter\CodeIgniter->run()
INFO - 2024-02-12 16:47:48 --> Session: Class initialized using 'CodeIgniter\Session\Handlers\FileHandler' driver.
INFO - 2024-02-12 17:23:24 --> Session: Class initialized using 'CodeIgniter\Session\Handlers\FileHandler' driver.
WARNING - 2024-02-12 17:23:24 --> [DEPRECATED] Creation of dynamic property App\Controllers\Dsn::$ModelDsn is deprecated in APPPATH\Controllers\Dsn.php on line 11.
 1 SYSTEMPATH\CodeIgniter.php(914): App\Controllers\Dsn->__construct()
 2 SYSTEMPATH\CodeIgniter.php(493): CodeIgniter\CodeIgniter->createController()
 3 SYSTEMPATH\CodeIgniter.php(361): CodeIgniter\CodeIgniter->handleRequest(null, Object(Config\Cache), false)
 4 FCPATH\index.php(79): CodeIgniter\CodeIgniter->run()
WARNING - 2024-02-12 17:23:24 --> [DEPRECATED] Creation of dynamic property App\Controllers\Dsn::$Modelta is deprecated in APPPATH\Controllers\Dsn.php on line 12.
 1 SYSTEMPATH\CodeIgniter.php(914): App\Controllers\Dsn->__construct()
 2 SYSTEMPATH\CodeIgniter.php(493): CodeIgniter\CodeIgniter->createController()
 3 SYSTEMPATH\CodeIgniter.php(361): CodeIgniter\CodeIgniter->handleRequest(null, Object(Config\Cache), false)
 4 FCPATH\index.php(79): CodeIgniter\CodeIgniter->run()
INFO - 2024-02-12 17:23:24 --> Session: Class initialized using 'CodeIgniter\Session\Handlers\FileHandler' driver.
INFO - 2024-02-12 17:23:28 --> Session: Class initialized using 'CodeIgniter\Session\Handlers\FileHandler' driver.
WARNING - 2024-02-12 17:23:28 --> [DEPRECATED] Creation of dynamic property App\Controllers\Dsn::$ModelDsn is deprecated in APPPATH\Controllers\Dsn.php on line 11.
 1 SYSTEMPATH\CodeIgniter.php(914): App\Controllers\Dsn->__construct()
 2 SYSTEMPATH\CodeIgniter.php(493): CodeIgniter\CodeIgniter->createController()
 3 SYSTEMPATH\CodeIgniter.php(361): CodeIgniter\CodeIgniter->handleRequest(null, Object(Config\Cache), false)
 4 FCPATH\index.php(79): CodeIgniter\CodeIgniter->run()
WARNING - 2024-02-12 17:23:28 --> [DEPRECATED] Creation of dynamic property App\Controllers\Dsn::$Modelta is deprecated in APPPATH\Controllers\Dsn.php on line 12.
 1 SYSTEMPATH\CodeIgniter.php(914): App\Controllers\Dsn->__construct()
 2 SYSTEMPATH\CodeIgniter.php(493): CodeIgniter\CodeIgniter->createController()
 3 SYSTEMPATH\CodeIgniter.php(361): CodeIgniter\CodeIgniter->handleRequest(null, Object(Config\Cache), false)
 4 FCPATH\index.php(79): CodeIgniter\CodeIgniter->run()
CRITICAL - 2024-02-12 17:28:00 --> syntax error, unexpected token "}"
in APPPATH\Controllers\Dsn.php on line 117.
 1 SYSTEMPATH\Router\Router.php(514): CodeIgniter\Router\AutoRouter->getRoute('dsn/NilaiMahasiswa', 'get')
 2 SYSTEMPATH\Router\Router.php(210): CodeIgniter\Router\Router->autoRoute('dsn/NilaiMahasiswa')
 3 SYSTEMPATH\CodeIgniter.php(823): CodeIgniter\Router\Router->handle('dsn/NilaiMahasiswa')
 4 SYSTEMPATH\CodeIgniter.php(450): CodeIgniter\CodeIgniter->tryToRouteIt(Object(CodeIgniter\Router\RouteCollection))
 5 SYSTEMPATH\CodeIgniter.php(361): CodeIgniter\CodeIgniter->handleRequest(null, Object(Config\Cache), false)
 6 FCPATH\index.php(79): CodeIgniter\CodeIgniter->run()
CRITICAL - 2024-02-12 17:29:38 --> syntax error, unexpected token "}", expecting ";"
in APPPATH\Controllers\Dsn.php on line 117.
 1 SYSTEMPATH\Router\Router.php(514): CodeIgniter\Router\AutoRouter->getRoute('dsn/NilaiMahasiswa', 'get')
 2 SYSTEMPATH\Router\Router.php(210): CodeIgniter\Router\Router->autoRoute('dsn/NilaiMahasiswa')
 3 SYSTEMPATH\CodeIgniter.php(823): CodeIgniter\Router\Router->handle('dsn/NilaiMahasiswa')
 4 SYSTEMPATH\CodeIgniter.php(450): CodeIgniter\CodeIgniter->tryToRouteIt(Object(CodeIgniter\Router\RouteCollection))
 5 SYSTEMPATH\CodeIgniter.php(361): CodeIgniter\CodeIgniter->handleRequest(null, Object(Config\Cache), false)
 6 FCPATH\index.php(79): CodeIgniter\CodeIgniter->run()
INFO - 2024-02-12 17:30:29 --> Session: Class initialized using 'CodeIgniter\Session\Handlers\FileHandler' driver.
WARNING - 2024-02-12 17:30:29 --> [DEPRECATED] Creation of dynamic property App\Controllers\Dsn::$ModelDsn is deprecated in APPPATH\Controllers\Dsn.php on line 11.
 1 SYSTEMPATH\CodeIgniter.php(914): App\Controllers\Dsn->__construct()
 2 SYSTEMPATH\CodeIgniter.php(493): CodeIgniter\CodeIgniter->createController()
 3 SYSTEMPATH\CodeIgniter.php(361): CodeIgniter\CodeIgniter->handleRequest(null, Object(Config\Cache), false)
 4 FCPATH\index.php(79): CodeIgniter\CodeIgniter->run()
WARNING - 2024-02-12 17:30:29 --> [DEPRECATED] Creation of dynamic property App\Controllers\Dsn::$Modelta is deprecated in APPPATH\Controllers\Dsn.php on line 12.
 1 SYSTEMPATH\CodeIgniter.php(914): App\Controllers\Dsn->__construct()
 2 SYSTEMPATH\CodeIgniter.php(493): CodeIgniter\CodeIgniter->createController()
 3 SYSTEMPATH\CodeIgniter.php(361): CodeIgniter\CodeIgniter->handleRequest(null, Object(Config\Cache), false)
 4 FCPATH\index.php(79): CodeIgniter\CodeIgniter->run()
INFO - 2024-02-12 17:31:26 --> Session: Class initialized using 'CodeIgniter\Session\Handlers\FileHandler' driver.
WARNING - 2024-02-12 17:31:26 --> [DEPRECATED] Creation of dynamic property App\Controllers\Dsn::$ModelDsn is deprecated in APPPATH\Controllers\Dsn.php on line 11.
 1 SYSTEMPATH\CodeIgniter.php(914): App\Controllers\Dsn->__construct()
 2 SYSTEMPATH\CodeIgniter.php(493): CodeIgniter\CodeIgniter->createController()
 3 SYSTEMPATH\CodeIgniter.php(361): CodeIgniter\CodeIgniter->handleRequest(null, Object(Config\Cache), false)
 4 FCPATH\index.php(79): CodeIgniter\CodeIgniter->run()
WARNING - 2024-02-12 17:31:26 --> [DEPRECATED] Creation of dynamic property App\Controllers\Dsn::$Modelta is deprecated in APPPATH\Controllers\Dsn.php on line 12.
 1 SYSTEMPATH\CodeIgniter.php(914): App\Controllers\Dsn->__construct()
 2 SYSTEMPATH\CodeIgniter.php(493): CodeIgniter\CodeIgniter->createController()
 3 SYSTEMPATH\CodeIgniter.php(361): CodeIgniter\CodeIgniter->handleRequest(null, Object(Config\Cache), false)
 4 FCPATH\index.php(79): CodeIgniter\CodeIgniter->run()
INFO - 2024-02-12 17:31:26 --> Session: Class initialized using 'CodeIgniter\Session\Handlers\FileHandler' driver.
INFO - 2024-02-12 17:36:06 --> Session: Class initialized using 'CodeIgniter\Session\Handlers\FileHandler' driver.
WARNING - 2024-02-12 17:36:06 --> [DEPRECATED] Creation of dynamic property App\Controllers\Dsn::$ModelDsn is deprecated in APPPATH\Controllers\Dsn.php on line 11.
 1 SYSTEMPATH\CodeIgniter.php(914): App\Controllers\Dsn->__construct()
 2 SYSTEMPATH\CodeIgniter.php(493): CodeIgniter\CodeIgniter->createController()
 3 SYSTEMPATH\CodeIgniter.php(361): CodeIgniter\CodeIgniter->handleRequest(null, Object(Config\Cache), false)
 4 FCPATH\index.php(79): CodeIgniter\CodeIgniter->run()
WARNING - 2024-02-12 17:36:07 --> [DEPRECATED] Creation of dynamic property App\Controllers\Dsn::$Modelta is deprecated in APPPATH\Controllers\Dsn.php on line 12.
 1 SYSTEMPATH\CodeIgniter.php(914): App\Controllers\Dsn->__construct()
 2 SYSTEMPATH\CodeIgniter.php(493): CodeIgniter\CodeIgniter->createController()
 3 SYSTEMPATH\CodeIgniter.php(361): CodeIgniter\CodeIgniter->handleRequest(null, Object(Config\Cache), false)
 4 FCPATH\index.php(79): CodeIgniter\CodeIgniter->run()
INFO - 2024-02-12 17:36:07 --> Session: Class initialized using 'CodeIgniter\Session\Handlers\FileHandler' driver.
INFO - 2024-02-12 17:37:28 --> Session: Class initialized using 'CodeIgniter\Session\Handlers\FileHandler' driver.
WARNING - 2024-02-12 17:37:28 --> [DEPRECATED] Creation of dynamic property App\Controllers\Dsn::$ModelDsn is deprecated in APPPATH\Controllers\Dsn.php on line 11.
 1 SYSTEMPATH\CodeIgniter.php(914): App\Controllers\Dsn->__construct()
 2 SYSTEMPATH\CodeIgniter.php(493): CodeIgniter\CodeIgniter->createController()
 3 SYSTEMPATH\CodeIgniter.php(361): CodeIgniter\CodeIgniter->handleRequest(null, Object(Config\Cache), false)
 4 FCPATH\index.php(79): CodeIgniter\CodeIgniter->run()
WARNING - 2024-02-12 17:37:28 --> [DEPRECATED] Creation of dynamic property App\Controllers\Dsn::$Modelta is deprecated in APPPATH\Controllers\Dsn.php on line 12.
 1 SYSTEMPATH\CodeIgniter.php(914): App\Controllers\Dsn->__construct()
 2 SYSTEMPATH\CodeIgniter.php(493): CodeIgniter\CodeIgniter->createController()
 3 SYSTEMPATH\CodeIgniter.php(361): CodeIgniter\CodeIgniter->handleRequest(null, Object(Config\Cache), false)
 4 FCPATH\index.php(79): CodeIgniter\CodeIgniter->run()
INFO - 2024-02-12 17:37:28 --> Session: Class initialized using 'CodeIgniter\Session\Handlers\FileHandler' driver.
INFO - 2024-02-12 17:37:31 --> Session: Class initialized using 'CodeIgniter\Session\Handlers\FileHandler' driver.
WARNING - 2024-02-12 17:37:31 --> [DEPRECATED] Creation of dynamic property App\Controllers\Dsn::$ModelDsn is deprecated in APPPATH\Controllers\Dsn.php on line 11.
 1 SYSTEMPATH\CodeIgniter.php(914): App\Controllers\Dsn->__construct()
 2 SYSTEMPATH\CodeIgniter.php(493): CodeIgniter\CodeIgniter->createController()
 3 SYSTEMPATH\CodeIgniter.php(361): CodeIgniter\CodeIgniter->handleRequest(null, Object(Config\Cache), false)
 4 FCPATH\index.php(79): CodeIgniter\CodeIgniter->run()
WARNING - 2024-02-12 17:37:31 --> [DEPRECATED] Creation of dynamic property App\Controllers\Dsn::$Modelta is deprecated in APPPATH\Controllers\Dsn.php on line 12.
 1 SYSTEMPATH\CodeIgniter.php(914): App\Controllers\Dsn->__construct()
 2 SYSTEMPATH\CodeIgniter.php(493): CodeIgniter\CodeIgniter->createController()
 3 SYSTEMPATH\CodeIgniter.php(361): CodeIgniter\CodeIgniter->handleRequest(null, Object(Config\Cache), false)
 4 FCPATH\index.php(79): CodeIgniter\CodeIgniter->run()
INFO - 2024-02-12 17:41:34 --> Session: Class initialized using 'CodeIgniter\Session\Handlers\FileHandler' driver.
WARNING - 2024-02-12 17:41:34 --> [DEPRECATED] Creation of dynamic property App\Controllers\Dsn::$ModelDsn is deprecated in APPPATH\Controllers\Dsn.php on line 11.
 1 SYSTEMPATH\CodeIgniter.php(914): App\Controllers\Dsn->__construct()
 2 SYSTEMPATH\CodeIgniter.php(493): CodeIgniter\CodeIgniter->createController()
 3 SYSTEMPATH\CodeIgniter.php(361): CodeIgniter\CodeIgniter->handleRequest(null, Object(Config\Cache), false)
 4 FCPATH\index.php(79): CodeIgniter\CodeIgniter->run()
WARNING - 2024-02-12 17:41:34 --> [DEPRECATED] Creation of dynamic property App\Controllers\Dsn::$Modelta is deprecated in APPPATH\Controllers\Dsn.php on line 12.
 1 SYSTEMPATH\CodeIgniter.php(914): App\Controllers\Dsn->__construct()
 2 SYSTEMPATH\CodeIgniter.php(493): CodeIgniter\CodeIgniter->createController()
 3 SYSTEMPATH\CodeIgniter.php(361): CodeIgniter\CodeIgniter->handleRequest(null, Object(Config\Cache), false)
 4 FCPATH\index.php(79): CodeIgniter\CodeIgniter->run()
INFO - 2024-02-12 17:41:34 --> Session: Class initialized using 'CodeIgniter\Session\Handlers\FileHandler' driver.
INFO - 2024-02-12 17:43:19 --> Session: Class initialized using 'CodeIgniter\Session\Handlers\FileHandler' driver.
WARNING - 2024-02-12 17:43:19 --> [DEPRECATED] Creation of dynamic property App\Controllers\Dsn::$ModelDsn is deprecated in APPPATH\Controllers\Dsn.php on line 11.
 1 SYSTEMPATH\CodeIgniter.php(914): App\Controllers\Dsn->__construct()
 2 SYSTEMPATH\CodeIgniter.php(493): CodeIgniter\CodeIgniter->createController()
 3 SYSTEMPATH\CodeIgniter.php(361): CodeIgniter\CodeIgniter->handleRequest(null, Object(Config\Cache), false)
 4 FCPATH\index.php(79): CodeIgniter\CodeIgniter->run()
WARNING - 2024-02-12 17:43:19 --> [DEPRECATED] Creation of dynamic property App\Controllers\Dsn::$Modelta is deprecated in APPPATH\Controllers\Dsn.php on line 12.
 1 SYSTEMPATH\CodeIgniter.php(914): App\Controllers\Dsn->__construct()
 2 SYSTEMPATH\CodeIgniter.php(493): CodeIgniter\CodeIgniter->createController()
 3 SYSTEMPATH\CodeIgniter.php(361): CodeIgniter\CodeIgniter->handleRequest(null, Object(Config\Cache), false)
 4 FCPATH\index.php(79): CodeIgniter\CodeIgniter->run()
INFO - 2024-02-12 17:43:19 --> Session: Class initialized using 'CodeIgniter\Session\Handlers\FileHandler' driver.
INFO - 2024-02-12 17:46:11 --> Session: Class initialized using 'CodeIgniter\Session\Handlers\FileHandler' driver.
WARNING - 2024-02-12 17:46:11 --> [DEPRECATED] Creation of dynamic property App\Controllers\Dsn::$ModelDsn is deprecated in APPPATH\Controllers\Dsn.php on line 11.
 1 SYSTEMPATH\CodeIgniter.php(914): App\Controllers\Dsn->__construct()
 2 SYSTEMPATH\CodeIgniter.php(493): CodeIgniter\CodeIgniter->createController()
 3 SYSTEMPATH\CodeIgniter.php(361): CodeIgniter\CodeIgniter->handleRequest(null, Object(Config\Cache), false)
 4 FCPATH\index.php(79): CodeIgniter\CodeIgniter->run()
WARNING - 2024-02-12 17:46:11 --> [DEPRECATED] Creation of dynamic property App\Controllers\Dsn::$Modelta is deprecated in APPPATH\Controllers\Dsn.php on line 12.
 1 SYSTEMPATH\CodeIgniter.php(914): App\Controllers\Dsn->__construct()
 2 SYSTEMPATH\CodeIgniter.php(493): CodeIgniter\CodeIgniter->createController()
 3 SYSTEMPATH\CodeIgniter.php(361): CodeIgniter\CodeIgniter->handleRequest(null, Object(Config\Cache), false)
 4 FCPATH\index.php(79): CodeIgniter\CodeIgniter->run()
INFO - 2024-02-12 17:46:11 --> Session: Class initialized using 'CodeIgniter\Session\Handlers\FileHandler' driver.
INFO - 2024-02-12 17:51:13 --> Session: Class initialized using 'CodeIgniter\Session\Handlers\FileHandler' driver.
WARNING - 2024-02-12 17:51:13 --> [DEPRECATED] Creation of dynamic property App\Controllers\Dsn::$ModelDsn is deprecated in APPPATH\Controllers\Dsn.php on line 11.
 1 SYSTEMPATH\CodeIgniter.php(914): App\Controllers\Dsn->__construct()
 2 SYSTEMPATH\CodeIgniter.php(493): CodeIgniter\CodeIgniter->createController()
 3 SYSTEMPATH\CodeIgniter.php(361): CodeIgniter\CodeIgniter->handleRequest(null, Object(Config\Cache), false)
 4 FCPATH\index.php(79): CodeIgniter\CodeIgniter->run()
WARNING - 2024-02-12 17:51:13 --> [DEPRECATED] Creation of dynamic property App\Controllers\Dsn::$Modelta is deprecated in APPPATH\Controllers\Dsn.php on line 12.
 1 SYSTEMPATH\CodeIgniter.php(914): App\Controllers\Dsn->__construct()
 2 SYSTEMPATH\CodeIgniter.php(493): CodeIgniter\CodeIgniter->createController()
 3 SYSTEMPATH\CodeIgniter.php(361): CodeIgniter\CodeIgniter->handleRequest(null, Object(Config\Cache), false)
 4 FCPATH\index.php(79): CodeIgniter\CodeIgniter->run()
INFO - 2024-02-12 17:51:13 --> Session: Class initialized using 'CodeIgniter\Session\Handlers\FileHandler' driver.
INFO - 2024-02-12 17:55:12 --> Session: Class initialized using 'CodeIgniter\Session\Handlers\FileHandler' driver.
WARNING - 2024-02-12 17:55:12 --> [DEPRECATED] Creation of dynamic property App\Controllers\Dsn::$ModelDsn is deprecated in APPPATH\Controllers\Dsn.php on line 11.
 1 SYSTEMPATH\CodeIgniter.php(914): App\Controllers\Dsn->__construct()
 2 SYSTEMPATH\CodeIgniter.php(493): CodeIgniter\CodeIgniter->createController()
 3 SYSTEMPATH\CodeIgniter.php(361): CodeIgniter\CodeIgniter->handleRequest(null, Object(Config\Cache), false)
 4 FCPATH\index.php(79): CodeIgniter\CodeIgniter->run()
WARNING - 2024-02-12 17:55:12 --> [DEPRECATED] Creation of dynamic property App\Controllers\Dsn::$Modelta is deprecated in APPPATH\Controllers\Dsn.php on line 12.
 1 SYSTEMPATH\CodeIgniter.php(914): App\Controllers\Dsn->__construct()
 2 SYSTEMPATH\CodeIgniter.php(493): CodeIgniter\CodeIgniter->createController()
 3 SYSTEMPATH\CodeIgniter.php(361): CodeIgniter\CodeIgniter->handleRequest(null, Object(Config\Cache), false)
 4 FCPATH\index.php(79): CodeIgniter\CodeIgniter->run()
INFO - 2024-02-12 17:55:12 --> Session: Class initialized using 'CodeIgniter\Session\Handlers\FileHandler' driver.
INFO - 2024-02-12 17:55:49 --> Session: Class initialized using 'CodeIgniter\Session\Handlers\FileHandler' driver.
WARNING - 2024-02-12 17:55:49 --> [DEPRECATED] Creation of dynamic property App\Controllers\Dsn::$ModelDsn is deprecated in APPPATH\Controllers\Dsn.php on line 11.
 1 SYSTEMPATH\CodeIgniter.php(914): App\Controllers\Dsn->__construct()
 2 SYSTEMPATH\CodeIgniter.php(493): CodeIgniter\CodeIgniter->createController()
 3 SYSTEMPATH\CodeIgniter.php(361): CodeIgniter\CodeIgniter->handleRequest(null, Object(Config\Cache), false)
 4 FCPATH\index.php(79): CodeIgniter\CodeIgniter->run()
WARNING - 2024-02-12 17:55:49 --> [DEPRECATED] Creation of dynamic property App\Controllers\Dsn::$Modelta is deprecated in APPPATH\Controllers\Dsn.php on line 12.
 1 SYSTEMPATH\CodeIgniter.php(914): App\Controllers\Dsn->__construct()
 2 SYSTEMPATH\CodeIgniter.php(493): CodeIgniter\CodeIgniter->createController()
 3 SYSTEMPATH\CodeIgniter.php(361): CodeIgniter\CodeIgniter->handleRequest(null, Object(Config\Cache), false)
 4 FCPATH\index.php(79): CodeIgniter\CodeIgniter->run()
INFO - 2024-02-12 17:55:50 --> Session: Class initialized using 'CodeIgniter\Session\Handlers\FileHandler' driver.
INFO - 2024-02-12 17:56:20 --> Session: Class initialized using 'CodeIgniter\Session\Handlers\FileHandler' driver.
WARNING - 2024-02-12 17:56:20 --> [DEPRECATED] Creation of dynamic property App\Controllers\Dsn::$ModelDsn is deprecated in APPPATH\Controllers\Dsn.php on line 11.
 1 SYSTEMPATH\CodeIgniter.php(914): App\Controllers\Dsn->__construct()
 2 SYSTEMPATH\CodeIgniter.php(493): CodeIgniter\CodeIgniter->createController()
 3 SYSTEMPATH\CodeIgniter.php(361): CodeIgniter\CodeIgniter->handleRequest(null, Object(Config\Cache), false)
 4 FCPATH\index.php(79): CodeIgniter\CodeIgniter->run()
WARNING - 2024-02-12 17:56:20 --> [DEPRECATED] Creation of dynamic property App\Controllers\Dsn::$Modelta is deprecated in APPPATH\Controllers\Dsn.php on line 12.
 1 SYSTEMPATH\CodeIgniter.php(914): App\Controllers\Dsn->__construct()
 2 SYSTEMPATH\CodeIgniter.php(493): CodeIgniter\CodeIgniter->createController()
 3 SYSTEMPATH\CodeIgniter.php(361): CodeIgniter\CodeIgniter->handleRequest(null, Object(Config\Cache), false)
 4 FCPATH\index.php(79): CodeIgniter\CodeIgniter->run()
INFO - 2024-02-12 17:56:21 --> Session: Class initialized using 'CodeIgniter\Session\Handlers\FileHandler' driver.
INFO - 2024-02-12 17:57:58 --> Session: Class initialized using 'CodeIgniter\Session\Handlers\FileHandler' driver.
WARNING - 2024-02-12 17:57:58 --> [DEPRECATED] Creation of dynamic property App\Controllers\Dsn::$ModelDsn is deprecated in APPPATH\Controllers\Dsn.php on line 11.
 1 SYSTEMPATH\CodeIgniter.php(914): App\Controllers\Dsn->__construct()
 2 SYSTEMPATH\CodeIgniter.php(493): CodeIgniter\CodeIgniter->createController()
 3 SYSTEMPATH\CodeIgniter.php(361): CodeIgniter\CodeIgniter->handleRequest(null, Object(Config\Cache), false)
 4 FCPATH\index.php(79): CodeIgniter\CodeIgniter->run()
WARNING - 2024-02-12 17:57:58 --> [DEPRECATED] Creation of dynamic property App\Controllers\Dsn::$Modelta is deprecated in APPPATH\Controllers\Dsn.php on line 12.
 1 SYSTEMPATH\CodeIgniter.php(914): App\Controllers\Dsn->__construct()
 2 SYSTEMPATH\CodeIgniter.php(493): CodeIgniter\CodeIgniter->createController()
 3 SYSTEMPATH\CodeIgniter.php(361): CodeIgniter\CodeIgniter->handleRequest(null, Object(Config\Cache), false)
 4 FCPATH\index.php(79): CodeIgniter\CodeIgniter->run()
INFO - 2024-02-12 17:57:58 --> Session: Class initialized using 'CodeIgniter\Session\Handlers\FileHandler' driver.
INFO - 2024-02-12 17:59:27 --> Session: Class initialized using 'CodeIgniter\Session\Handlers\FileHandler' driver.
WARNING - 2024-02-12 17:59:27 --> [DEPRECATED] Creation of dynamic property App\Controllers\Dsn::$ModelDsn is deprecated in APPPATH\Controllers\Dsn.php on line 11.
 1 SYSTEMPATH\CodeIgniter.php(914): App\Controllers\Dsn->__construct()
 2 SYSTEMPATH\CodeIgniter.php(493): CodeIgniter\CodeIgniter->createController()
 3 SYSTEMPATH\CodeIgniter.php(361): CodeIgniter\CodeIgniter->handleRequest(null, Object(Config\Cache), false)
 4 FCPATH\index.php(79): CodeIgniter\CodeIgniter->run()
WARNING - 2024-02-12 17:59:27 --> [DEPRECATED] Creation of dynamic property App\Controllers\Dsn::$Modelta is deprecated in APPPATH\Controllers\Dsn.php on line 12.
 1 SYSTEMPATH\CodeIgniter.php(914): App\Controllers\Dsn->__construct()
 2 SYSTEMPATH\CodeIgniter.php(493): CodeIgniter\CodeIgniter->createController()
 3 SYSTEMPATH\CodeIgniter.php(361): CodeIgniter\CodeIgniter->handleRequest(null, Object(Config\Cache), false)
 4 FCPATH\index.php(79): CodeIgniter\CodeIgniter->run()
INFO - 2024-02-12 17:59:28 --> Session: Class initialized using 'CodeIgniter\Session\Handlers\FileHandler' driver.
INFO - 2024-02-12 18:03:01 --> Session: Class initialized using 'CodeIgniter\Session\Handlers\FileHandler' driver.
WARNING - 2024-02-12 18:03:01 --> [DEPRECATED] Creation of dynamic property App\Controllers\Dsn::$ModelDsn is deprecated in APPPATH\Controllers\Dsn.php on line 11.
 1 SYSTEMPATH\CodeIgniter.php(914): App\Controllers\Dsn->__construct()
 2 SYSTEMPATH\CodeIgniter.php(493): CodeIgniter\CodeIgniter->createController()
 3 SYSTEMPATH\CodeIgniter.php(361): CodeIgniter\CodeIgniter->handleRequest(null, Object(Config\Cache), false)
 4 FCPATH\index.php(79): CodeIgniter\CodeIgniter->run()
WARNING - 2024-02-12 18:03:01 --> [DEPRECATED] Creation of dynamic property App\Controllers\Dsn::$Modelta is deprecated in APPPATH\Controllers\Dsn.php on line 12.
 1 SYSTEMPATH\CodeIgniter.php(914): App\Controllers\Dsn->__construct()
 2 SYSTEMPATH\CodeIgniter.php(493): CodeIgniter\CodeIgniter->createController()
 3 SYSTEMPATH\CodeIgniter.php(361): CodeIgniter\CodeIgniter->handleRequest(null, Object(Config\Cache), false)
 4 FCPATH\index.php(79): CodeIgniter\CodeIgniter->run()
INFO - 2024-02-12 18:03:01 --> Session: Class initialized using 'CodeIgniter\Session\Handlers\FileHandler' driver.
INFO - 2024-02-12 18:03:21 --> Session: Class initialized using 'CodeIgniter\Session\Handlers\FileHandler' driver.
WARNING - 2024-02-12 18:03:21 --> [DEPRECATED] Creation of dynamic property App\Controllers\Dsn::$ModelDsn is deprecated in APPPATH\Controllers\Dsn.php on line 11.
 1 SYSTEMPATH\CodeIgniter.php(914): App\Controllers\Dsn->__construct()
 2 SYSTEMPATH\CodeIgniter.php(493): CodeIgniter\CodeIgniter->createController()
 3 SYSTEMPATH\CodeIgniter.php(361): CodeIgniter\CodeIgniter->handleRequest(null, Object(Config\Cache), false)
 4 FCPATH\index.php(79): CodeIgniter\CodeIgniter->run()
WARNING - 2024-02-12 18:03:21 --> [DEPRECATED] Creation of dynamic property App\Controllers\Dsn::$Modelta is deprecated in APPPATH\Controllers\Dsn.php on line 12.
 1 SYSTEMPATH\CodeIgniter.php(914): App\Controllers\Dsn->__construct()
 2 SYSTEMPATH\CodeIgniter.php(493): CodeIgniter\CodeIgniter->createController()
 3 SYSTEMPATH\CodeIgniter.php(361): CodeIgniter\CodeIgniter->handleRequest(null, Object(Config\Cache), false)
 4 FCPATH\index.php(79): CodeIgniter\CodeIgniter->run()
INFO - 2024-02-12 18:03:22 --> Session: Class initialized using 'CodeIgniter\Session\Handlers\FileHandler' driver.
INFO - 2024-02-12 18:04:53 --> Session: Class initialized using 'CodeIgniter\Session\Handlers\FileHandler' driver.
WARNING - 2024-02-12 18:04:53 --> [DEPRECATED] Creation of dynamic property App\Controllers\Dsn::$ModelDsn is deprecated in APPPATH\Controllers\Dsn.php on line 11.
 1 SYSTEMPATH\CodeIgniter.php(914): App\Controllers\Dsn->__construct()
 2 SYSTEMPATH\CodeIgniter.php(493): CodeIgniter\CodeIgniter->createController()
 3 SYSTEMPATH\CodeIgniter.php(361): CodeIgniter\CodeIgniter->handleRequest(null, Object(Config\Cache), false)
 4 FCPATH\index.php(79): CodeIgniter\CodeIgniter->run()
WARNING - 2024-02-12 18:04:53 --> [DEPRECATED] Creation of dynamic property App\Controllers\Dsn::$Modelta is deprecated in APPPATH\Controllers\Dsn.php on line 12.
 1 SYSTEMPATH\CodeIgniter.php(914): App\Controllers\Dsn->__construct()
 2 SYSTEMPATH\CodeIgniter.php(493): CodeIgniter\CodeIgniter->createController()
 3 SYSTEMPATH\CodeIgniter.php(361): CodeIgniter\CodeIgniter->handleRequest(null, Object(Config\Cache), false)
 4 FCPATH\index.php(79): CodeIgniter\CodeIgniter->run()
INFO - 2024-02-12 18:04:53 --> Session: Class initialized using 'CodeIgniter\Session\Handlers\FileHandler' driver.
INFO - 2024-02-12 18:06:12 --> Session: Class initialized using 'CodeIgniter\Session\Handlers\FileHandler' driver.
WARNING - 2024-02-12 18:06:12 --> [DEPRECATED] Creation of dynamic property App\Controllers\Dsn::$ModelDsn is deprecated in APPPATH\Controllers\Dsn.php on line 11.
 1 SYSTEMPATH\CodeIgniter.php(914): App\Controllers\Dsn->__construct()
 2 SYSTEMPATH\CodeIgniter.php(493): CodeIgniter\CodeIgniter->createController()
 3 SYSTEMPATH\CodeIgniter.php(361): CodeIgniter\CodeIgniter->handleRequest(null, Object(Config\Cache), false)
 4 FCPATH\index.php(79): CodeIgniter\CodeIgniter->run()
WARNING - 2024-02-12 18:06:12 --> [DEPRECATED] Creation of dynamic property App\Controllers\Dsn::$Modelta is deprecated in APPPATH\Controllers\Dsn.php on line 12.
 1 SYSTEMPATH\CodeIgniter.php(914): App\Controllers\Dsn->__construct()
 2 SYSTEMPATH\CodeIgniter.php(493): CodeIgniter\CodeIgniter->createController()
 3 SYSTEMPATH\CodeIgniter.php(361): CodeIgniter\CodeIgniter->handleRequest(null, Object(Config\Cache), false)
 4 FCPATH\index.php(79): CodeIgniter\CodeIgniter->run()
INFO - 2024-02-12 18:06:13 --> Session: Class initialized using 'CodeIgniter\Session\Handlers\FileHandler' driver.
INFO - 2024-02-12 18:07:37 --> Session: Class initialized using 'CodeIgniter\Session\Handlers\FileHandler' driver.
WARNING - 2024-02-12 18:07:37 --> [DEPRECATED] Creation of dynamic property App\Controllers\Dsn::$ModelDsn is deprecated in APPPATH\Controllers\Dsn.php on line 11.
 1 SYSTEMPATH\CodeIgniter.php(914): App\Controllers\Dsn->__construct()
 2 SYSTEMPATH\CodeIgniter.php(493): CodeIgniter\CodeIgniter->createController()
 3 SYSTEMPATH\CodeIgniter.php(361): CodeIgniter\CodeIgniter->handleRequest(null, Object(Config\Cache), false)
 4 FCPATH\index.php(79): CodeIgniter\CodeIgniter->run()
WARNING - 2024-02-12 18:07:37 --> [DEPRECATED] Creation of dynamic property App\Controllers\Dsn::$Modelta is deprecated in APPPATH\Controllers\Dsn.php on line 12.
 1 SYSTEMPATH\CodeIgniter.php(914): App\Controllers\Dsn->__construct()
 2 SYSTEMPATH\CodeIgniter.php(493): CodeIgniter\CodeIgniter->createController()
 3 SYSTEMPATH\CodeIgniter.php(361): CodeIgniter\CodeIgniter->handleRequest(null, Object(Config\Cache), false)
 4 FCPATH\index.php(79): CodeIgniter\CodeIgniter->run()
INFO - 2024-02-12 18:07:37 --> Session: Class initialized using 'CodeIgniter\Session\Handlers\FileHandler' driver.
INFO - 2024-02-12 18:08:33 --> Session: Class initialized using 'CodeIgniter\Session\Handlers\FileHandler' driver.
WARNING - 2024-02-12 18:08:33 --> [DEPRECATED] Creation of dynamic property App\Controllers\Dsn::$ModelDsn is deprecated in APPPATH\Controllers\Dsn.php on line 11.
 1 SYSTEMPATH\CodeIgniter.php(914): App\Controllers\Dsn->__construct()
 2 SYSTEMPATH\CodeIgniter.php(493): CodeIgniter\CodeIgniter->createController()
 3 SYSTEMPATH\CodeIgniter.php(361): CodeIgniter\CodeIgniter->handleRequest(null, Object(Config\Cache), false)
 4 FCPATH\index.php(79): CodeIgniter\CodeIgniter->run()
WARNING - 2024-02-12 18:08:33 --> [DEPRECATED] Creation of dynamic property App\Controllers\Dsn::$Modelta is deprecated in APPPATH\Controllers\Dsn.php on line 12.
 1 SYSTEMPATH\CodeIgniter.php(914): App\Controllers\Dsn->__construct()
 2 SYSTEMPATH\CodeIgniter.php(493): CodeIgniter\CodeIgniter->createController()
 3 SYSTEMPATH\CodeIgniter.php(361): CodeIgniter\CodeIgniter->handleRequest(null, Object(Config\Cache), false)
 4 FCPATH\index.php(79): CodeIgniter\CodeIgniter->run()
INFO - 2024-02-12 18:08:33 --> Session: Class initialized using 'CodeIgniter\Session\Handlers\FileHandler' driver.
INFO - 2024-02-12 18:09:27 --> Session: Class initialized using 'CodeIgniter\Session\Handlers\FileHandler' driver.
WARNING - 2024-02-12 18:09:27 --> [DEPRECATED] Creation of dynamic property App\Controllers\Dsn::$ModelDsn is deprecated in APPPATH\Controllers\Dsn.php on line 11.
 1 SYSTEMPATH\CodeIgniter.php(914): App\Controllers\Dsn->__construct()
 2 SYSTEMPATH\CodeIgniter.php(493): CodeIgniter\CodeIgniter->createController()
 3 SYSTEMPATH\CodeIgniter.php(361): CodeIgniter\CodeIgniter->handleRequest(null, Object(Config\Cache), false)
 4 FCPATH\index.php(79): CodeIgniter\CodeIgniter->run()
WARNING - 2024-02-12 18:09:27 --> [DEPRECATED] Creation of dynamic property App\Controllers\Dsn::$Modelta is deprecated in APPPATH\Controllers\Dsn.php on line 12.
 1 SYSTEMPATH\CodeIgniter.php(914): App\Controllers\Dsn->__construct()
 2 SYSTEMPATH\CodeIgniter.php(493): CodeIgniter\CodeIgniter->createController()
 3 SYSTEMPATH\CodeIgniter.php(361): CodeIgniter\CodeIgniter->handleRequest(null, Object(Config\Cache), false)
 4 FCPATH\index.php(79): CodeIgniter\CodeIgniter->run()
INFO - 2024-02-12 18:09:27 --> Session: Class initialized using 'CodeIgniter\Session\Handlers\FileHandler' driver.
INFO - 2024-02-12 18:11:58 --> Session: Class initialized using 'CodeIgniter\Session\Handlers\FileHandler' driver.
WARNING - 2024-02-12 18:11:58 --> [DEPRECATED] Creation of dynamic property App\Controllers\Dsn::$ModelDsn is deprecated in APPPATH\Controllers\Dsn.php on line 11.
 1 SYSTEMPATH\CodeIgniter.php(914): App\Controllers\Dsn->__construct()
 2 SYSTEMPATH\CodeIgniter.php(493): CodeIgniter\CodeIgniter->createController()
 3 SYSTEMPATH\CodeIgniter.php(361): CodeIgniter\CodeIgniter->handleRequest(null, Object(Config\Cache), false)
 4 FCPATH\index.php(79): CodeIgniter\CodeIgniter->run()
WARNING - 2024-02-12 18:11:58 --> [DEPRECATED] Creation of dynamic property App\Controllers\Dsn::$Modelta is deprecated in APPPATH\Controllers\Dsn.php on line 12.
 1 SYSTEMPATH\CodeIgniter.php(914): App\Controllers\Dsn->__construct()
 2 SYSTEMPATH\CodeIgniter.php(493): CodeIgniter\CodeIgniter->createController()
 3 SYSTEMPATH\CodeIgniter.php(361): CodeIgniter\CodeIgniter->handleRequest(null, Object(Config\Cache), false)
 4 FCPATH\index.php(79): CodeIgniter\CodeIgniter->run()
INFO - 2024-02-12 18:11:59 --> Session: Class initialized using 'CodeIgniter\Session\Handlers\FileHandler' driver.
